\BOOKMARK [1][-]{Doc-Start}{Abstract}{}% 1
\BOOKMARK [1][-]{section*.1}{Table of contents}{}% 2
\BOOKMARK [1][-]{section.1}{List of symbols}{}% 3
\BOOKMARK [1][-]{section.2}{Introduction}{}% 4
\BOOKMARK [1][-]{section.3}{Theory}{}% 5
\BOOKMARK [1][-]{section.4}{Experimental method}{}% 6
\BOOKMARK [2][-]{subsection.4.1}{Calibration}{section.4}% 7
\BOOKMARK [2][-]{subsection.4.2}{Microscopic size measurements}{section.4}% 8
\BOOKMARK [2][-]{subsection.4.3}{Birefringence}{section.4}% 9
\BOOKMARK [2][-]{subsection.4.4}{Image improvement methods}{section.4}% 10
\BOOKMARK [1][-]{section.5}{Results and discussion}{}% 11
\BOOKMARK [2][-]{subsection.5.1}{Calibration}{section.5}% 12
\BOOKMARK [2][-]{subsection.5.2}{Size measurements}{section.5}% 13
\BOOKMARK [2][-]{subsection.5.3}{Birefringence}{section.5}% 14
\BOOKMARK [2][-]{subsection.5.4}{Resolving power}{section.5}% 15
\BOOKMARK [1][-]{section.6}{Conclusions}{}% 16
\BOOKMARK [1][-]{section.6}{List of references}{}% 17
\BOOKMARK [1][-]{section*.13}{Appendices}{}% 18
\BOOKMARK [2][-]{subsection.Alph0.1}{Leica DM EP manual}{section*.13}% 19
\BOOKMARK [2][-]{subsection.Alph0.2}{Calibration}{section*.13}% 20
\BOOKMARK [2][-]{subsection.Alph0.3}{Size Measurements}{section*.13}% 21
